In file included from ../ext/bson.cc:35:0:
../ext/bson.h:55:25: error: ‘Handle’ has not been declared
  static void Initialize(Handle<Object> target);
                         ^~~~~~
../ext/bson.h:55:31: error: expected ‘,’ or ‘...’ before ‘<’ token
  static void Initialize(Handle<Object> target);
                               ^
../ext/bson.h:56:9: error: ‘Handle’ does not name a type; did you mean ‘rand_r’?
  static Handle<Value> BSONDeserializeStream(const Arguments &args);
         ^~~~~~
         rand_r
../ext/bson.h:59:9: error: ‘Handle’ does not name a type; did you mean ‘rand_r’?
  static Handle<Value> BSONSerialize(const Arguments &args);
         ^~~~~~
         rand_r
../ext/bson.h:60:9: error: ‘Handle’ does not name a type; did you mean ‘rand_r’?
  static Handle<Value> BSONDeserialize(const Arguments &args);
         ^~~~~~
         rand_r
../ext/bson.h:63:9: error: ‘Handle’ does not name a type; did you mean ‘rand_r’?
  static Handle<Value> CalculateObjectSize(const Arguments &args);
         ^~~~~~
         rand_r
../ext/bson.h:64:9: error: ‘Handle’ does not name a type; did you mean ‘rand_r’?
  static Handle<Value> SerializeWithBufferAndIndex(const Arguments &args);
         ^~~~~~
         rand_r
../ext/bson.h:70:9: error: ‘Handle’ does not name a type; did you mean ‘rand_r’?
  static Handle<Value> New(const Arguments &args);
         ^~~~~~
         rand_r
../ext/bson.h:71:9: error: ‘Handle’ does not name a type; did you mean ‘rand_r’?
  static Handle<Value> deserialize(BSON *bson, char *data, uint32_t dataLength, uint32_t startIndex, bool is_array_item);
         ^~~~~~
         rand_r
../ext/bson.h:119:41: error: ‘Handle’ does not name a type; did you mean ‘rand_r’?
  Local<Object> GetSerializeObject(const Handle<Value>& object);
                                         ^~~~~~
                                         rand_r
../ext/bson.h:119:47: error: expected ‘,’ or ‘...’ before ‘<’ token
  Local<Object> GetSerializeObject(const Handle<Value>& object);
                                               ^
../ext/bson.h:133:23: error: ‘Handle’ does not name a type; did you mean ‘rand_r’?
  void WriteByte(const Handle<Object>&, const Handle<String>&) { ++count; }
                       ^~~~~~
                       rand_r
../ext/bson.h:133:29: error: expected ‘,’ or ‘...’ before ‘<’ token
  void WriteByte(const Handle<Object>&, const Handle<String>&) { ++count; }
                             ^
../ext/bson.h:133:7: error: ‘void CountStream::WriteByte(int)’ cannot be overloaded
  void WriteByte(const Handle<Object>&, const Handle<String>&) { ++count; }
       ^~~~~~~~~
../ext/bson.h:132:7: error: with ‘void CountStream::WriteByte(int)’
  void WriteByte(int value)         { ++count; }
       ^~~~~~~~~
../ext/bson.h:134:23: error: ‘Handle’ does not name a type; did you mean ‘rand_r’?
  void WriteBool(const Handle<Value>& value)     { ++count; }
                       ^~~~~~
                       rand_r
../ext/bson.h:134:29: error: expected ‘,’ or ‘...’ before ‘<’ token
  void WriteBool(const Handle<Value>& value)     { ++count; }
                             ^
../ext/bson.h:136:24: error: ‘Handle’ does not name a type; did you mean ‘rand_r’?
  void WriteInt32(const Handle<Value>& value)     { count += 4; }
                        ^~~~~~
                        rand_r
../ext/bson.h:136:30: error: expected ‘,’ or ‘...’ before ‘<’ token
  void WriteInt32(const Handle<Value>& value)     { count += 4; }
                              ^
../ext/bson.h:136:7: error: ‘void CountStream::WriteInt32(int)’ cannot be overloaded
  void WriteInt32(const Handle<Value>& value)     { count += 4; }
       ^~~~~~~~~~
../ext/bson.h:135:7: error: with ‘void CountStream::WriteInt32(int32_t)’
  void WriteInt32(int32_t value)        { count += 4; }
       ^~~~~~~~~~
../ext/bson.h:137:24: error: ‘Handle’ does not name a type; did you mean ‘rand_r’?
  void WriteInt32(const Handle<Object>& object, const Handle<String>& key) { count += 4; }
                        ^~~~~~
                        rand_r
../ext/bson.h:137:30: error: expected ‘,’ or ‘...’ before ‘<’ token
  void WriteInt32(const Handle<Object>& object, const Handle<String>& key) { count += 4; }
                              ^
../ext/bson.h:137:7: error: ‘void CountStream::WriteInt32(int)’ cannot be overloaded
  void WriteInt32(const Handle<Object>& object, const Handle<String>& key) { count += 4; }
       ^~~~~~~~~~
../ext/bson.h:135:7: error: with ‘void CountStream::WriteInt32(int32_t)’
  void WriteInt32(int32_t value)        { count += 4; }
       ^~~~~~~~~~
../ext/bson.h:139:24: error: ‘Handle’ does not name a type; did you mean ‘rand_r’?
  void WriteInt64(const Handle<Value>& value)     { count += 8; }
                        ^~~~~~
                        rand_r
../ext/bson.h:139:30: error: expected ‘,’ or ‘...’ before ‘<’ token
  void WriteInt64(const Handle<Value>& value)     { count += 8; }
                              ^
../ext/bson.h:141:25: error: ‘Handle’ does not name a type; did you mean ‘rand_r’?
  void WriteDouble(const Handle<Value>& value)     { count += 8; }
                         ^~~~~~
                         rand_r
../ext/bson.h:141:31: error: expected ‘,’ or ‘...’ before ‘<’ token
  void WriteDouble(const Handle<Value>& value)     { count += 8; }
                               ^
../ext/bson.h:142:25: error: ‘Handle’ does not name a type; did you mean ‘rand_r’?
  void WriteDouble(const Handle<Object>&, const Handle<String>&) { count += 8; }
                         ^~~~~~
                         rand_r
../ext/bson.h:142:31: error: expected ‘,’ or ‘...’ before ‘<’ token
  void WriteDouble(const Handle<Object>&, const Handle<String>&) { count += 8; }
                               ^
../ext/bson.h:142:7: error: ‘void CountStream::WriteDouble(int)’ cannot be overloaded
  void WriteDouble(const Handle<Object>&, const Handle<String>&) { count += 8; }
       ^~~~~~~~~~~
../ext/bson.h:141:7: error: with ‘void CountStream::WriteDouble(int)’
  void WriteDouble(const Handle<Value>& value)     { count += 8; }
       ^~~~~~~~~~~
../ext/bson.h:145:27: error: ‘Handle’ does not name a type; did you mean ‘rand_r’?
  void WriteObjectId(const Handle<Object>& object, const Handle<String>& key)    { count += 12; }
                           ^~~~~~
                           rand_r
../ext/bson.h:145:33: error: expected ‘,’ or ‘...’ before ‘<’ token
  void WriteObjectId(const Handle<Object>& object, const Handle<String>& key)    { count += 12; }
                                 ^
../ext/bson.h: In member function ‘void CountStream::WriteLengthPrefixedString(const v8::Local<v8::String>&)’:
../ext/bson.h:144:90: error: no matching function for call to ‘v8::String::Utf8Length()’
  void WriteLengthPrefixedString(const Local<String>& value) { count += value->Utf8Length()+5; }
                                                                                          ^
In file included from ../ext/bson.cc:14:0:
/home/gustavo/.cache/node-gyp/14.18.0/include/node/v8.h:2977:7: note: candidate: int v8::String::Utf8Length(v8::Isolate*) const
   int Utf8Length(Isolate* isolate) const;
       ^~~~~~~~~~
/home/gustavo/.cache/node-gyp/14.18.0/include/node/v8.h:2977:7: note:   candidate expects 1 argument, 0 provided
In file included from ../ext/bson.cc:35:0:
../ext/bson.h: In member function ‘void CountStream::WriteString(const v8::Local<v8::String>&)’:
../ext/bson.h:146:80: error: no matching function for call to ‘v8::String::Utf8Length()’
  void WriteString(const Local<String>& value)     { count += value->Utf8Length() + 1; } // This returns the number of bytes exclusive of the NULL terminator
                                                                                ^
In file included from ../ext/bson.cc:14:0:
/home/gustavo/.cache/node-gyp/14.18.0/include/node/v8.h:2977:7: note: candidate: int v8::String::Utf8Length(v8::Isolate*) const
   int Utf8Length(Isolate* isolate) const;
       ^~~~~~~~~~
/home/gustavo/.cache/node-gyp/14.18.0/include/node/v8.h:2977:7: note:   candidate expects 1 argument, 0 provided
In file included from ../ext/bson.cc:35:0:
../ext/bson.h: At global scope:
../ext/bson.h:169:23: error: ‘Handle’ does not name a type; did you mean ‘rand_r’?
  void WriteByte(const Handle<Object>& object, const Handle<String>& key) { *p++ = object->Get(key)->Int32Value(); }
                       ^~~~~~
                       rand_r
../ext/bson.h:169:29: error: expected ‘,’ or ‘...’ before ‘<’ token
  void WriteByte(const Handle<Object>& object, const Handle<String>& key) { *p++ = object->Get(key)->Int32Value(); }
                             ^
../ext/bson.h:169:7: error: ‘void DataStream::WriteByte(int)’ cannot be overloaded
  void WriteByte(const Handle<Object>& object, const Handle<String>& key) { *p++ = object->Get(key)->Int32Value(); }
       ^~~~~~~~~
../ext/bson.h:168:7: error: with ‘void DataStream::WriteByte(int)’
  void WriteByte(int value)         { *p++ = value; }
       ^~~~~~~~~
../ext/bson.h:179:23: error: ‘Handle’ does not name a type; did you mean ‘rand_r’?
  void WriteBool(const Handle<Value>& value)     { WriteByte(value->BooleanValue() ? 1 : 0); }
                       ^~~~~~
                       rand_r
../ext/bson.h:179:29: error: expected ‘,’ or ‘...’ before ‘<’ token
  void WriteBool(const Handle<Value>& value)     { WriteByte(value->BooleanValue() ? 1 : 0); }
                             ^
../ext/bson.h:180:24: error: ‘Handle’ does not name a type; did you mean ‘rand_r’?
  void WriteInt32(const Handle<Value>& value)     { WriteInt32(value->Int32Value());   }
                        ^~~~~~
                        rand_r
../ext/bson.h:180:30: error: expected ‘,’ or ‘...’ before ‘<’ token
  void WriteInt32(const Handle<Value>& value)     { WriteInt32(value->Int32Value());   }
                              ^
../ext/bson.h:180:7: error: ‘void DataStream::WriteInt32(int)’ cannot be overloaded
  void WriteInt32(const Handle<Value>& value)     { WriteInt32(value->Int32Value());   }
       ^~~~~~~~~~
../ext/bson.h:171:7: error: with ‘void DataStream::WriteInt32(int32_t)’
  void WriteInt32(int32_t value)        { *reinterpret_cast<int32_t*>(p) = value; p += 4; }
       ^~~~~~~~~~
../ext/bson.h:181:24: error: ‘Handle’ does not name a type; did you mean ‘rand_r’?
  void WriteInt32(const Handle<Object>& object, const Handle<String>& key) { WriteInt32(object->Get(key)); }
                        ^~~~~~
                        rand_r
../ext/bson.h:181:30: error: expected ‘,’ or ‘...’ before ‘<’ token
  void WriteInt32(const Handle<Object>& object, const Handle<String>& key) { WriteInt32(object->Get(key)); }
                              ^
../ext/bson.h:181:7: error: ‘void DataStream::WriteInt32(int)’ cannot be overloaded
  void WriteInt32(const Handle<Object>& object, const Handle<String>& key) { WriteInt32(object->Get(key)); }
       ^~~~~~~~~~
../ext/bson.h:171:7: error: with ‘void DataStream::WriteInt32(int32_t)’
  void WriteInt32(int32_t value)        { *reinterpret_cast<int32_t*>(p) = value; p += 4; }
       ^~~~~~~~~~
../ext/bson.h:182:24: error: ‘Handle’ does not name a type; did you mean ‘rand_r’?
  void WriteInt64(const Handle<Value>& value)     { WriteInt64(value->IntegerValue());  }
                        ^~~~~~
                        rand_r
../ext/bson.h:182:30: error: expected ‘,’ or ‘...’ before ‘<’ token
  void WriteInt64(const Handle<Value>& value)     { WriteInt64(value->IntegerValue());  }
                              ^
../ext/bson.h:183:25: error: ‘Handle’ does not name a type; did you mean ‘rand_r’?
  void WriteDouble(const Handle<Value>& value)     { WriteDouble(value->NumberValue());  }
                         ^~~~~~
                         rand_r
../ext/bson.h:183:31: error: expected ‘,’ or ‘...’ before ‘<’ token
  void WriteDouble(const Handle<Value>& value)     { WriteDouble(value->NumberValue());  }
                               ^
../ext/bson.h:184:25: error: ‘Handle’ does not name a type; did you mean ‘rand_r’?
  void WriteDouble(const Handle<Object>& object, const Handle<String>& key) { WriteDouble(object->Get(key)); }
                         ^~~~~~
                         rand_r
../ext/bson.h:184:31: error: expected ‘,’ or ‘...’ before ‘<’ token
  void WriteDouble(const Handle<Object>& object, const Handle<String>& key) { WriteDouble(object->Get(key)); }
                               ^
../ext/bson.h:184:7: error: ‘void DataStream::WriteDouble(int)’ cannot be overloaded
  void WriteDouble(const Handle<Object>& object, const Handle<String>& key) { WriteDouble(object->Get(key)); }
       ^~~~~~~~~~~
../ext/bson.h:183:7: error: with ‘void DataStream::WriteDouble(int)’
  void WriteDouble(const Handle<Value>& value)     { WriteDouble(value->NumberValue());  }
       ^~~~~~~~~~~
../ext/bson.h:187:27: error: ‘Handle’ does not name a type; did you mean ‘rand_r’?
  void WriteObjectId(const Handle<Object>& object, const Handle<String>& key);
                           ^~~~~~
                           rand_r
../ext/bson.h:187:33: error: expected ‘,’ or ‘...’ before ‘<’ token
  void WriteObjectId(const Handle<Object>& object, const Handle<String>& key);
                                 ^
../ext/bson.h: In member function ‘void DataStream::WriteByte(int)’:
../ext/bson.h:169:83: error: ‘object’ was not declared in this scope
  void WriteByte(const Handle<Object>& object, const Handle<String>& key) { *p++ = object->Get(key)->Int32Value(); }
                                                                                   ^~~~~~
../ext/bson.h:169:83: note: suggested alternative: ‘select’
  void WriteByte(const Handle<Object>& object, const Handle<String>& key) { *p++ = object->Get(key)->Int32Value(); }
                                                                                   ^~~~~~
                                                                                   select
../ext/bson.h:169:95: error: ‘key’ was not declared in this scope
  void WriteByte(const Handle<Object>& object, const Handle<String>& key) { *p++ = object->Get(key)->Int32Value(); }
                                                                                               ^~~
../ext/bson.h:169:95: note: suggested alternative: ‘key_t’
  void WriteByte(const Handle<Object>& object, const Handle<String>& key) { *p++ = object->Get(key)->Int32Value(); }
                                                                                               ^~~
                                                                                               key_t
../ext/bson.h: In member function ‘void DataStream::WriteBool(int)’:
../ext/bson.h:179:61: error: ‘value’ was not declared in this scope
  void WriteBool(const Handle<Value>& value)     { WriteByte(value->BooleanValue() ? 1 : 0); }
                                                             ^~~~~
../ext/bson.h: In member function ‘void DataStream::WriteInt32(int)’:
../ext/bson.h:180:63: error: ‘value’ was not declared in this scope
  void WriteInt32(const Handle<Value>& value)     { WriteInt32(value->Int32Value());   }
                                                               ^~~~~
../ext/bson.h: In member function ‘void DataStream::WriteInt32(int)’:
../ext/bson.h:181:88: error: ‘object’ was not declared in this scope
  void WriteInt32(const Handle<Object>& object, const Handle<String>& key) { WriteInt32(object->Get(key)); }
                                                                                        ^~~~~~
../ext/bson.h:181:88: note: suggested alternative: ‘select’
  void WriteInt32(const Handle<Object>& object, const Handle<String>& key) { WriteInt32(object->Get(key)); }
                                                                                        ^~~~~~
                                                                                        select
../ext/bson.h:181:100: error: ‘key’ was not declared in this scope
  void WriteInt32(const Handle<Object>& object, const Handle<String>& key) { WriteInt32(object->Get(key)); }
                                                                                                    ^~~
../ext/bson.h:181:100: note: suggested alternative: ‘key_t’
  void WriteInt32(const Handle<Object>& object, const Handle<String>& key) { WriteInt32(object->Get(key)); }
                                                                                                    ^~~
                                                                                                    key_t
../ext/bson.h: In member function ‘void DataStream::WriteInt64(int)’:
../ext/bson.h:182:63: error: ‘value’ was not declared in this scope
  void WriteInt64(const Handle<Value>& value)     { WriteInt64(value->IntegerValue());  }
                                                               ^~~~~
../ext/bson.h: In member function ‘void DataStream::WriteDouble(int)’:
../ext/bson.h:183:65: error: ‘value’ was not declared in this scope
  void WriteDouble(const Handle<Value>& value)     { WriteDouble(value->NumberValue());  }
                                                                 ^~~~~
../ext/bson.h: In member function ‘void DataStream::WriteDouble(int)’:
../ext/bson.h:184:90: error: ‘object’ was not declared in this scope
  void WriteDouble(const Handle<Object>& object, const Handle<String>& key) { WriteDouble(object->Get(key)); }
                                                                                          ^~~~~~
../ext/bson.h:184:90: note: suggested alternative: ‘select’
  void WriteDouble(const Handle<Object>& object, const Handle<String>& key) { WriteDouble(object->Get(key)); }
                                                                                          ^~~~~~
                                                                                          select
../ext/bson.h:184:102: error: ‘key’ was not declared in this scope
  void WriteDouble(const Handle<Object>& object, const Handle<String>& key) { WriteDouble(object->Get(key)); }
                                                                                                      ^~~
../ext/bson.h:184:102: note: suggested alternative: ‘key_t’
  void WriteDouble(const Handle<Object>& object, const Handle<String>& key) { WriteDouble(object->Get(key)); }
                                                                                                      ^~~
                                                                                                      key_t
../ext/bson.h: In member function ‘void DataStream::WriteLengthPrefixedString(const v8::Local<v8::String>&)’:
../ext/bson.h:186:92: error: no matching function for call to ‘v8::String::Utf8Length()’
  void WriteLengthPrefixedString(const Local<String>& value) { WriteInt32(value->Utf8Length()+1); WriteString(value); }
                                                                                            ^
In file included from ../ext/bson.cc:14:0:
/home/gustavo/.cache/node-gyp/14.18.0/include/node/v8.h:2977:7: note: candidate: int v8::String::Utf8Length(v8::Isolate*) const
   int Utf8Length(Isolate* isolate) const;
       ^~~~~~~~~~
/home/gustavo/.cache/node-gyp/14.18.0/include/node/v8.h:2977:7: note:   candidate expects 1 argument, 0 provided
In file included from ../ext/bson.cc:35:0:
../ext/bson.h: In member function ‘void DataStream::WriteString(const v8::Local<v8::String>&)’:
../ext/bson.h:188:76: error: no matching function for call to ‘v8::String::WriteUtf8(char*&)’
  void WriteString(const Local<String>& value)     { p += value->WriteUtf8(p); }  // This returns the number of bytes inclusive of the NULL terminator.
                                                                            ^
In file included from ../ext/bson.cc:14:0:
/home/gustavo/.cache/node-gyp/14.18.0/include/node/v8.h:3037:7: note: candidate: int v8::String::WriteUtf8(v8::Isolate*, char*, int, int*, int) const
   int WriteUtf8(Isolate* isolate, char* buffer, int length = -1,
       ^~~~~~~~~
/home/gustavo/.cache/node-gyp/14.18.0/include/node/v8.h:3037:7: note:   candidate expects 5 arguments, 1 provided
In file included from ../ext/bson.cc:35:0:
../ext/bson.h: At global scope:
../ext/bson.h:219:31: error: ‘Handle’ does not name a type; did you mean ‘rand_r’?
  void SerializeDocument(const Handle<Value>& value);
                               ^~~~~~
                               rand_r
../ext/bson.h:219:37: error: expected ‘,’ or ‘...’ before ‘<’ token
  void SerializeDocument(const Handle<Value>& value);
                                     ^
../ext/bson.h:220:28: error: ‘Handle’ does not name a type; did you mean ‘rand_r’?
  void SerializeArray(const Handle<Value>& value);
                            ^~~~~~
                            rand_r
../ext/bson.h:220:34: error: expected ‘,’ or ‘...’ before ‘<’ token
  void SerializeArray(const Handle<Value>& value);
                                  ^
../ext/bson.h:221:48: error: ‘Handle’ does not name a type; did you mean ‘rand_r’?
  void SerializeValue(void* typeLocation, const Handle<Value>& value);
                                                ^~~~~~
                                                rand_r
../ext/bson.h:221:54: error: expected ‘,’ or ‘...’ before ‘<’ token
  void SerializeValue(void* typeLocation, const Handle<Value>& value);
                                                      ^
../ext/bson.h:237:2: error: ‘Handle’ does not name a type; did you mean ‘rand_r’?
  Handle<Value> DeserializeDocument(bool promoteLongs);
  ^~~~~~
  rand_r
../ext/bson.h:262:2: error: ‘Handle’ does not name a type; did you mean ‘rand_r’?
  Handle<Value> DeserializeArray(bool promoteLongs);
  ^~~~~~
  rand_r
../ext/bson.h:263:2: error: ‘Handle’ does not name a type; did you mean ‘rand_r’?
  Handle<Value> DeserializeValue(BsonType type, bool promoteLongs);
  ^~~~~~
  rand_r
../ext/bson.h:264:2: error: ‘Handle’ does not name a type; did you mean ‘rand_r’?
  Handle<Value> DeserializeDocumentInternal(bool promoteLongs);
  ^~~~~~
  rand_r
../ext/bson.h:265:2: error: ‘Handle’ does not name a type; did you mean ‘rand_r’?
  Handle<Value> DeserializeArrayInternal(bool promoteLongs);
  ^~~~~~
  rand_r
../ext/bson.cc:42:38: error: ‘Handle’ does not name a type; did you mean ‘rand_r’?
 void DataStream::WriteObjectId(const Handle<Object>& object, const Handle<String>& key)
                                      ^~~~~~
                                      rand_r
../ext/bson.cc:42:44: error: expected ‘,’ or ‘...’ before ‘<’ token
 void DataStream::WriteObjectId(const Handle<Object>& object, const Handle<String>& key)
                                            ^
../ext/bson.cc: In member function ‘void DataStream::WriteObjectId(int)’:
../ext/bson.cc:45:2: error: ‘object’ was not declared in this scope
  object->Get(key)->ToString()->Write(buffer, 0, 12);
  ^~~~~~
../ext/bson.cc:45:2: note: suggested alternative: ‘select’
  object->Get(key)->ToString()->Write(buffer, 0, 12);
  ^~~~~~
  select
../ext/bson.cc:45:14: error: ‘key’ was not declared in this scope
  object->Get(key)->ToString()->Write(buffer, 0, 12);
              ^~~
../ext/bson.cc:45:14: note: suggested alternative: ‘key_t’
  object->Get(key)->ToString()->Write(buffer, 0, 12);
              ^~~
              key_t
../ext/bson.cc: In member function ‘void DataStream::CheckKey(const v8::Local<v8::String>&)’:
../ext/bson.cc:65:41: error: no matching function for call to ‘v8::String::Utf8Length()’
  size_t keyLength = keyName->Utf8Length();
                                         ^
In file included from ../ext/bson.cc:14:0:
/home/gustavo/.cache/node-gyp/14.18.0/include/node/v8.h:2977:7: note: candidate: int v8::String::Utf8Length(v8::Isolate*) const
   int Utf8Length(Isolate* isolate) const;
       ^~~~~~~~~~
/home/gustavo/.cache/node-gyp/14.18.0/include/node/v8.h:2977:7: note:   candidate expects 1 argument, 0 provided
../ext/bson.cc:71:36: error: no matching function for call to ‘v8::String::WriteUtf8(char*&)’
  keyName->WriteUtf8(keyStringBuffer);
                                    ^
In file included from ../ext/bson.cc:14:0:
/home/gustavo/.cache/node-gyp/14.18.0/include/node/v8.h:3037:7: note: candidate: int v8::String::WriteUtf8(v8::Isolate*, char*, int, int*, int) const
   int WriteUtf8(Isolate* isolate, char* buffer, int length = -1,
       ^~~~~~~~~
/home/gustavo/.cache/node-gyp/14.18.0/include/node/v8.h:3037:7: note:   candidate expects 5 arguments, 1 provided
../ext/bson.cc: At global scope:
../ext/bson.cc:91:70: error: ‘Handle’ does not name a type; did you mean ‘rand_r’?
 template<typename T> void BSONSerializer<T>::SerializeDocument(const Handle<Value>& value)
                                                                      ^~~~~~
                                                                      rand_r
../ext/bson.cc:91:76: error: expected ‘,’ or ‘...’ before ‘<’ token
 template<typename T> void BSONSerializer<T>::SerializeDocument(const Handle<Value>& value)
                                                                            ^
../ext/bson.cc: In member function ‘void BSONSerializer<T>::SerializeDocument(int)’:
../ext/bson.cc:94:50: error: ‘value’ was not declared in this scope
  Local<Object> object = bson->GetSerializeObject(value);
                                                  ^~~~~
../ext/bson.cc:100:62: error: no matching function for call to ‘v8::Object::GetOwnPropertyNames()’
     Local<Array> propertyNames = object->GetOwnPropertyNames();
                                                              ^
In file included from ../ext/bson.cc:14:0:
/home/gustavo/.cache/node-gyp/14.18.0/include/node/v8.h:3837:43: note: candidate: v8::MaybeLocal<v8::Array> v8::Object::GetOwnPropertyNames(v8::Local<v8::Context>)
   V8_WARN_UNUSED_RESULT MaybeLocal<Array> GetOwnPropertyNames(
                                           ^~~~~~~~~~~~~~~~~~~
/home/gustavo/.cache/node-gyp/14.18.0/include/node/v8.h:3837:43: note:   candidate expects 1 argument, 0 provided
/home/gustavo/.cache/node-gyp/14.18.0/include/node/v8.h:3846:43: note: candidate: v8::MaybeLocal<v8::Array> v8::Object::GetOwnPropertyNames(v8::Local<v8::Context>, v8::PropertyFilter, v8::KeyConversionMode)
   V8_WARN_UNUSED_RESULT MaybeLocal<Array> GetOwnPropertyNames(
                                           ^~~~~~~~~~~~~~~~~~~
/home/gustavo/.cache/node-gyp/14.18.0/include/node/v8.h:3846:43: note:   candidate expects 3 arguments, 0 provided
../ext/bson.cc:107:59: error: no matching function for call to ‘v8::Array::Get(int&)’
   const Local<String>& propertyName = propertyNames->Get(i)->ToString();
                                                           ^
In file included from ../ext/bson.cc:14:0:
/home/gustavo/.cache/node-gyp/14.18.0/include/node/v8.h:3717:43: note: candidate: v8::MaybeLocal<v8::Value> v8::Object::Get(v8::Local<v8::Context>, v8::Local<v8::Value>)
   V8_WARN_UNUSED_RESULT MaybeLocal<Value> Get(Local<Context> context,
                                           ^~~
/home/gustavo/.cache/node-gyp/14.18.0/include/node/v8.h:3717:43: note:   candidate expects 2 arguments, 1 provided
/home/gustavo/.cache/node-gyp/14.18.0/include/node/v8.h:3720:43: note: candidate: v8::MaybeLocal<v8::Value> v8::Object::Get(v8::Local<v8::Context>, uint32_t)
   V8_WARN_UNUSED_RESULT MaybeLocal<Value> Get(Local<Context> context,
                                           ^~~
/home/gustavo/.cache/node-gyp/14.18.0/include/node/v8.h:3720:43: note:   candidate expects 2 arguments, 1 provided
../ext/bson.cc:110:63: error: no matching function for call to ‘v8::Object::Get(const v8::Local<v8::String>&)’
   const Local<Value>& propertyValue = object->Get(propertyName);
                                                               ^
In file included from ../ext/bson.cc:14:0:
/home/gustavo/.cache/node-gyp/14.18.0/include/node/v8.h:3717:43: note: candidate: v8::MaybeLocal<v8::Value> v8::Object::Get(v8::Local<v8::Context>, v8::Local<v8::Value>)
   V8_WARN_UNUSED_RESULT MaybeLocal<Value> Get(Local<Context> context,
                                           ^~~
/home/gustavo/.cache/node-gyp/14.18.0/include/node/v8.h:3717:43: note:   candidate expects 2 arguments, 1 provided
/home/gustavo/.cache/node-gyp/14.18.0/include/node/v8.h:3720:43: note: candidate: v8::MaybeLocal<v8::Value> v8::Object::Get(v8::Local<v8::Context>, uint32_t)
   V8_WARN_UNUSED_RESULT MaybeLocal<Value> Get(Local<Context> context,
                                           ^~~
/home/gustavo/.cache/node-gyp/14.18.0/include/node/v8.h:3720:43: note:   candidate expects 2 arguments, 1 provided
../ext/bson.cc: At global scope:
../ext/bson.cc:124:67: error: ‘Handle’ does not name a type; did you mean ‘rand_r’?
 template<typename T> void BSONSerializer<T>::SerializeArray(const Handle<Value>& value)
                                                                   ^~~~~~
                                                                   rand_r
../ext/bson.cc:124:73: error: expected ‘,’ or ‘...’ before ‘<’ token
 template<typename T> void BSONSerializer<T>::SerializeArray(const Handle<Value>& value)
                                                                         ^
../ext/bson.cc: In member function ‘void BSONSerializer<T>::SerializeArray(int)’:
../ext/bson.cc:128:42: error: ‘value’ was not declared in this scope
  Local<Array> array = Local<Array>::Cast(value->ToObject());
                                          ^~~~~
../ext/bson.cc:135:44: error: no matching function for call to ‘v8::Array::Get(uint32_t&)’
   SerializeValue(typeLocation, array->Get(i));
                                            ^
In file included from ../ext/bson.cc:14:0:
/home/gustavo/.cache/node-gyp/14.18.0/include/node/v8.h:3717:43: note: candidate: v8::MaybeLocal<v8::Value> v8::Object::Get(v8::Local<v8::Context>, v8::Local<v8::Value>)
   V8_WARN_UNUSED_RESULT MaybeLocal<Value> Get(Local<Context> context,
                                           ^~~
/home/gustavo/.cache/node-gyp/14.18.0/include/node/v8.h:3717:43: note:   candidate expects 2 arguments, 1 provided
/home/gustavo/.cache/node-gyp/14.18.0/include/node/v8.h:3720:43: note: candidate: v8::MaybeLocal<v8::Value> v8::Object::Get(v8::Local<v8::Context>, uint32_t)
   V8_WARN_UNUSED_RESULT MaybeLocal<Value> Get(Local<Context> context,
                                           ^~~
/home/gustavo/.cache/node-gyp/14.18.0/include/node/v8.h:3720:43: note:   candidate expects 2 arguments, 1 provided
../ext/bson.cc: At global scope:
../ext/bson.cc:145:87: error: ‘Handle’ does not name a type; did you mean ‘rand_r’?
 template<typename T> void BSONSerializer<T>::SerializeValue(void* typeLocation, const Handle<Value>& value)
                                                                                       ^~~~~~
                                                                                       rand_r
../ext/bson.cc:145:93: error: expected ‘,’ or ‘...’ before ‘<’ token
 template<typename T> void BSONSerializer<T>::SerializeValue(void* typeLocation, const Handle<Value>& value)
                                                                                             ^
../ext/bson.cc: In member function ‘void BSONSerializer<T>::SerializeValue(void*, int)’:
../ext/bson.cc:147:5: error: ‘value’ was not declared in this scope
  if(value->IsNumber())
     ^~~~~
../ext/bson.cc:185:9: error: ‘Handle’ does not name a type; did you mean ‘rand_r’?
   const Handle<RegExp>& regExp = Handle<RegExp>::Cast(value);
         ^~~~~~
         rand_r
../ext/bson.cc:187:21: error: ‘regExp’ was not declared in this scope
   this->WriteString(regExp->GetSource());
                     ^~~~~~
../ext/bson.cc:187:21: note: suggested alternative: ‘frexp’
   this->WriteString(regExp->GetSource());
                     ^~~~~~
                     frexp
../ext/bson.cc:203:39: error: no matching function for call to ‘v8::Object::Has(v8::Persistent<v8::String>&)’
   if(object->Has(bson->_bsontypeString))
                                       ^
In file included from ../ext/bson.cc:14:0:
/home/gustavo/.cache/node-gyp/14.18.0/include/node/v8.h:3752:37: note: candidate: v8::Maybe<bool> v8::Object::Has(v8::Local<v8::Context>, v8::Local<v8::Value>)
   V8_WARN_UNUSED_RESULT Maybe<bool> Has(Local<Context> context,
                                     ^~~
/home/gustavo/.cache/node-gyp/14.18.0/include/node/v8.h:3752:37: note:   candidate expects 2 arguments, 1 provided
/home/gustavo/.cache/node-gyp/14.18.0/include/node/v8.h:3758:37: note: candidate: v8::Maybe<bool> v8::Object::Has(v8::Local<v8::Context>, uint32_t)
   V8_WARN_UNUSED_RESULT Maybe<bool> Has(Local<Context> context, uint32_t index);
                                     ^~~
/home/gustavo/.cache/node-gyp/14.18.0/include/node/v8.h:3758:37: note:   candidate expects 2 arguments, 1 provided
../ext/bson.cc:206:23: error: base operand of ‘->’ has non-pointer type ‘v8::Persistent<v8::String>’
    if(bson->longString->StrictEquals(constructorString))
                       ^~
../ext/bson.cc:212:33: error: base operand of ‘->’ has non-pointer type ‘v8::Persistent<v8::String>’
    else if(bson->timestampString->StrictEquals(constructorString))
                                 ^~
../ext/bson.cc:218:32: error: base operand of ‘->’ has non-pointer type ‘v8::Persistent<v8::String>’
    else if(bson->objectIDString->StrictEquals(constructorString))
                                ^~
../ext/bson.cc:223:30: error: base operand of ‘->’ has non-pointer type ‘v8::Persistent<v8::String>’
    else if(bson->binaryString->StrictEquals(constructorString))
                              ^~
../ext/bson.cc:227:62: error: no matching function for call to ‘v8::Object::Get(v8::Persistent<v8::String>&)’
     uint32_t length = object->Get(bson->_binaryPositionString)->Uint32Value();
                                                              ^
In file included from ../ext/bson.cc:14:0:
/home/gustavo/.cache/node-gyp/14.18.0/include/node/v8.h:3717:43: note: candidate: v8::MaybeLocal<v8::Value> v8::Object::Get(v8::Local<v8::Context>, v8::Local<v8::Value>)
   V8_WARN_UNUSED_RESULT MaybeLocal<Value> Get(Local<Context> context,
                                           ^~~
/home/gustavo/.cache/node-gyp/14.18.0/include/node/v8.h:3717:43: note:   candidate expects 2 arguments, 1 provided
/home/gustavo/.cache/node-gyp/14.18.0/include/node/v8.h:3720:43: note: candidate: v8::MaybeLocal<v8::Value> v8::Object::Get(v8::Local<v8::Context>, uint32_t)
   V8_WARN_UNUSED_RESULT MaybeLocal<Value> Get(Local<Context> context,
                                           ^~~
/home/gustavo/.cache/node-gyp/14.18.0/include/node/v8.h:3720:43: note:   candidate expects 2 arguments, 1 provided
../ext/bson.cc:228:68: error: no matching function for call to ‘v8::Object::Get(v8::Persistent<v8::String>&)’
     Local<Object> bufferObj = object->Get(bson->_binaryBufferString)->ToObject();
                                                                    ^
In file included from ../ext/bson.cc:14:0:
/home/gustavo/.cache/node-gyp/14.18.0/include/node/v8.h:3717:43: note: candidate: v8::MaybeLocal<v8::Value> v8::Object::Get(v8::Local<v8::Context>, v8::Local<v8::Value>)
   V8_WARN_UNUSED_RESULT MaybeLocal<Value> Get(Local<Context> context,
                                           ^~~
/home/gustavo/.cache/node-gyp/14.18.0/include/node/v8.h:3717:43: note:   candidate expects 2 arguments, 1 provided
/home/gustavo/.cache/node-gyp/14.18.0/include/node/v8.h:3720:43: note: candidate: v8::MaybeLocal<v8::Value> v8::Object::Get(v8::Local<v8::Context>, uint32_t)
   V8_WARN_UNUSED_RESULT MaybeLocal<Value> Get(Local<Context> context,
                                           ^~~
/home/gustavo/.cache/node-gyp/14.18.0/include/node/v8.h:3720:43: note:   candidate expects 2 arguments, 1 provided
../ext/bson.cc:233:46: error: no matching function for call to ‘v8::Object::Get(v8::Persistent<v8::String>&)’
     if(object->Get(bson->_binarySubTypeString)->Int32Value() == 0x02) {
                                              ^
In file included from ../ext/bson.cc:14:0:
/home/gustavo/.cache/node-gyp/14.18.0/include/node/v8.h:3717:43: note: candidate: v8::MaybeLocal<v8::Value> v8::Object::Get(v8::Local<v8::Context>, v8::Local<v8::Value>)
   V8_WARN_UNUSED_RESULT MaybeLocal<Value> Get(Local<Context> context,
                                           ^~~
/home/gustavo/.cache/node-gyp/14.18.0/include/node/v8.h:3717:43: note:   candidate expects 2 arguments, 1 provided
/home/gustavo/.cache/node-gyp/14.18.0/include/node/v8.h:3720:43: note: candidate: v8::MaybeLocal<v8::Value> v8::Object::Get(v8::Local<v8::Context>, uint32_t)
   V8_WARN_UNUSED_RESULT MaybeLocal<Value> Get(Local<Context> context,
                                           ^~~
/home/gustavo/.cache/node-gyp/14.18.0/include/node/v8.h:3720:43: note:   candidate expects 2 arguments, 1 provided
../ext/bson.cc:239:30: error: base operand of ‘->’ has non-pointer type ‘v8::Persistent<v8::String>’
    else if(bson->doubleString->StrictEquals(constructorString))
                              ^~
../ext/bson.cc:244:30: error: base operand of ‘->’ has non-pointer type ‘v8::Persistent<v8::String>’
    else if(bson->symbolString->StrictEquals(constructorString))
                              ^~
../ext/bson.cc:247:73: error: no matching function for call to ‘v8::Object::Get(v8::Persistent<v8::String>&)’
     this->WriteLengthPrefixedString(object->Get(bson->_symbolValueString)->ToString());
                                                                         ^
In file included from ../ext/bson.cc:14:0:
/home/gustavo/.cache/node-gyp/14.18.0/include/node/v8.h:3717:43: note: candidate: v8::MaybeLocal<v8::Value> v8::Object::Get(v8::Local<v8::Context>, v8::Local<v8::Value>)
   V8_WARN_UNUSED_RESULT MaybeLocal<Value> Get(Local<Context> context,
                                           ^~~
/home/gustavo/.cache/node-gyp/14.18.0/include/node/v8.h:3717:43: note:   candidate expects 2 arguments, 1 provided
/home/gustavo/.cache/node-gyp/14.18.0/include/node/v8.h:3720:43: note: candidate: v8::MaybeLocal<v8::Value> v8::Object::Get(v8::Local<v8::Context>, uint32_t)
   V8_WARN_UNUSED_RESULT MaybeLocal<Value> Get(Local<Context> context,
                                           ^~~
/home/gustavo/.cache/node-gyp/14.18.0/include/node/v8.h:3720:43: note:   candidate expects 2 arguments, 1 provided
../ext/bson.cc:249:28: error: base operand of ‘->’ has non-pointer type ‘v8::Persistent<v8::String>’
    else if(bson->codeString->StrictEquals(constructorString))
                            ^~
../ext/bson.cc:251:70: error: no matching function for call to ‘v8::Object::Get(v8::Persistent<v8::String>&)’
     const Local<String>& function = object->Get(bson->_codeCodeString)->ToString();
                                                                      ^
In file included from ../ext/bson.cc:14:0:
/home/gustavo/.cache/node-gyp/14.18.0/include/node/v8.h:3717:43: note: candidate: v8::MaybeLocal<v8::Value> v8::Object::Get(v8::Local<v8::Context>, v8::Local<v8::Value>)
   V8_WARN_UNUSED_RESULT MaybeLocal<Value> Get(Local<Context> context,
                                           ^~~
/home/gustavo/.cache/node-gyp/14.18.0/include/node/v8.h:3717:43: note:   candidate expects 2 arguments, 1 provided
/home/gustavo/.cache/node-gyp/14.18.0/include/node/v8.h:3720:43: note: candidate: v8::MaybeLocal<v8::Value> v8::Object::Get(v8::Local<v8::Context>, uint32_t)
   V8_WARN_UNUSED_RESULT MaybeLocal<Value> Get(Local<Context> context,
                                           ^~~
/home/gustavo/.cache/node-gyp/14.18.0/include/node/v8.h:3720:43: note:   candidate expects 2 arguments, 1 provided
../ext/bson.cc:252:68: error: no matching function for call to ‘v8::Object::Get(v8::Persistent<v8::String>&)’
     const Local<Object>& scope = object->Get(bson->_codeScopeString)->ToObject();
                                                                    ^
In file included from ../ext/bson.cc:14:0:
/home/gustavo/.cache/node-gyp/14.18.0/include/node/v8.h:3717:43: note: candidate: v8::MaybeLocal<v8::Value> v8::Object::Get(v8::Local<v8::Context>, v8::Local<v8::Value>)
   V8_WARN_UNUSED_RESULT MaybeLocal<Value> Get(Local<Context> context,
                                           ^~~
/home/gustavo/.cache/node-gyp/14.18.0/include/node/v8.h:3717:43: note:   candidate expects 2 arguments, 1 provided
/home/gustavo/.cache/node-gyp/14.18.0/include/node/v8.h:3720:43: note: candidate: v8::MaybeLocal<v8::Value> v8::Object::Get(v8::Local<v8::Context>, uint32_t)
   V8_WARN_UNUSED_RESULT MaybeLocal<Value> Get(Local<Context> context,
                                           ^~~
/home/gustavo/.cache/node-gyp/14.18.0/include/node/v8.h:3720:43: note:   candidate expects 2 arguments, 1 provided
../ext/bson.cc:258:67: error: no matching function for call to ‘v8::Object::GetOwnPropertyNames()’
          uint32_t propertyNameLength = scope->GetOwnPropertyNames()->Length();
                                                                   ^
In file included from ../ext/bson.cc:14:0:
/home/gustavo/.cache/node-gyp/14.18.0/include/node/v8.h:3837:43: note: candidate: v8::MaybeLocal<v8::Array> v8::Object::GetOwnPropertyNames(v8::Local<v8::Context>)
   V8_WARN_UNUSED_RESULT MaybeLocal<Array> GetOwnPropertyNames(
                                           ^~~~~~~~~~~~~~~~~~~
/home/gustavo/.cache/node-gyp/14.18.0/include/node/v8.h:3837:43: note:   candidate expects 1 argument, 0 provided
/home/gustavo/.cache/node-gyp/14.18.0/include/node/v8.h:3846:43: note: candidate: v8::MaybeLocal<v8::Array> v8::Object::GetOwnPropertyNames(v8::Local<v8::Context>, v8::PropertyFilter, v8::KeyConversionMode)
   V8_WARN_UNUSED_RESULT MaybeLocal<Array> GetOwnPropertyNames(
                                           ^~~~~~~~~~~~~~~~~~~
/home/gustavo/.cache/node-gyp/14.18.0/include/node/v8.h:3846:43: note:   candidate expects 3 arguments, 0 provided
../ext/bson.cc:265:57: error: no matching function for call to ‘v8::String::ToString()’
      this->WriteLengthPrefixedString(function->ToString());
                                                         ^
In file included from ../ext/bson.cc:14:0:
/home/gustavo/.cache/node-gyp/14.18.0/include/node/v8.h:2810:44: note: candidate: v8::MaybeLocal<v8::String> v8::Value::ToString(v8::Local<v8::Context>) const
   V8_WARN_UNUSED_RESULT MaybeLocal<String> ToString(
                                            ^~~~~~~~
/home/gustavo/.cache/node-gyp/14.18.0/include/node/v8.h:2810:44: note:   candidate expects 1 argument, 0 provided
../ext/bson.cc:272:57: error: no matching function for call to ‘v8::String::ToString()’
      this->WriteLengthPrefixedString(function->ToString());
                                                         ^
In file included from ../ext/bson.cc:14:0:
/home/gustavo/.cache/node-gyp/14.18.0/include/node/v8.h:2810:44: note: candidate: v8::MaybeLocal<v8::String> v8::Value::ToString(v8::Local<v8::Context>) const
   V8_WARN_UNUSED_RESULT MaybeLocal<String> ToString(
                                            ^~~~~~~~
/home/gustavo/.cache/node-gyp/14.18.0/include/node/v8.h:2810:44: note:   candidate expects 1 argument, 0 provided
../ext/bson.cc:275:29: error: base operand of ‘->’ has non-pointer type ‘v8::Persistent<v8::String>’
    else if(bson->dbrefString->StrictEquals(constructorString))
                             ^~
../ext/bson.cc:283:68: error: no matching function for call to ‘v8::Object::Get(v8::Persistent<v8::String>&)’
     SerializeValue(refType, object->Get(bson->_dbRefNamespaceString));
                                                                    ^
In file included from ../ext/bson.cc:14:0:
/home/gustavo/.cache/node-gyp/14.18.0/include/node/v8.h:3717:43: note: candidate: v8::MaybeLocal<v8::Value> v8::Object::Get(v8::Local<v8::Context>, v8::Local<v8::Value>)
   V8_WARN_UNUSED_RESULT MaybeLocal<Value> Get(Local<Context> context,
                                           ^~~
/home/gustavo/.cache/node-gyp/14.18.0/include/node/v8.h:3717:43: note:   candidate expects 2 arguments, 1 provided
/home/gustavo/.cache/node-gyp/14.18.0/include/node/v8.h:3720:43: note: candidate: v8::MaybeLocal<v8::Value> v8::Object::Get(v8::Local<v8::Context>, uint32_t)
   V8_WARN_UNUSED_RESULT MaybeLocal<Value> Get(Local<Context> context,
                                           ^~~
/home/gustavo/.cache/node-gyp/14.18.0/include/node/v8.h:3720:43: note:   candidate expects 2 arguments, 1 provided
../ext/bson.cc:287:61: error: no matching function for call to ‘v8::Object::Get(v8::Persistent<v8::String>&)’
     SerializeValue(idType, object->Get(bson->_dbRefOidString));
                                                             ^
In file included from ../ext/bson.cc:14:0:
/home/gustavo/.cache/node-gyp/14.18.0/include/node/v8.h:3717:43: note: candidate: v8::MaybeLocal<v8::Value> v8::Object::Get(v8::Local<v8::Context>, v8::Local<v8::Value>)
   V8_WARN_UNUSED_RESULT MaybeLocal<Value> Get(Local<Context> context,
                                           ^~~
/home/gustavo/.cache/node-gyp/14.18.0/include/node/v8.h:3717:43: note:   candidate expects 2 arguments, 1 provided
/home/gustavo/.cache/node-gyp/14.18.0/include/node/v8.h:3720:43: note: candidate: v8::MaybeLocal<v8::Value> v8::Object::Get(v8::Local<v8::Context>, uint32_t)
   V8_WARN_UNUSED_RESULT MaybeLocal<Value> Get(Local<Context> context,
                                           ^~~
/home/gustavo/.cache/node-gyp/14.18.0/include/node/v8.h:3720:43: note:   candidate expects 2 arguments, 1 provided
../ext/bson.cc:289:70: error: no matching function for call to ‘v8::Object::Get(v8::Persistent<v8::String>&)’
     const Local<Value>& refDbValue = object->Get(bson->_dbRefDbString);
                                                                      ^
In file included from ../ext/bson.cc:14:0:
/home/gustavo/.cache/node-gyp/14.18.0/include/node/v8.h:3717:43: note: candidate: v8::MaybeLocal<v8::Value> v8::Object::Get(v8::Local<v8::Context>, v8::Local<v8::Value>)
   V8_WARN_UNUSED_RESULT MaybeLocal<Value> Get(Local<Context> context,
                                           ^~~
/home/gustavo/.cache/node-gyp/14.18.0/include/node/v8.h:3717:43: note:   candidate expects 2 arguments, 1 provided
/home/gustavo/.cache/node-gyp/14.18.0/include/node/v8.h:3720:43: note: candidate: v8::MaybeLocal<v8::Value> v8::Object::Get(v8::Local<v8::Context>, uint32_t)
   V8_WARN_UNUSED_RESULT MaybeLocal<Value> Get(Local<Context> context,
                                           ^~~
/home/gustavo/.cache/node-gyp/14.18.0/include/node/v8.h:3720:43: note:   candidate expects 2 arguments, 1 provided
../ext/bson.cc:300:30: error: base operand of ‘->’ has non-pointer type ‘v8::Persistent<v8::String>’
    else if(bson->minKeyString->StrictEquals(constructorString))
                              ^~
../ext/bson.cc:304:30: error: base operand of ‘->’ has non-pointer type ‘v8::Persistent<v8::String>’
    else if(bson->maxKeyString->StrictEquals(constructorString))
                              ^~
../ext/bson.cc: In member function ‘v8::Local<v8::String> BSONDeserializer::ReadCString()’:
../ext/bson.cc:361:17: error: ‘New’ is not a member of ‘v8::String’
  return String::New(start, (int32_t) (p-start-1) );
                 ^~~
../ext/bson.cc: In member function ‘v8::Local<v8::String> BSONDeserializer::ReadString()’:
../ext/bson.cc:396:17: error: ‘New’ is not a member of ‘v8::String’
  return String::New(start, length-1);
                 ^~~
../ext/bson.cc: In member function ‘v8::Local<v8::String> BSONDeserializer::ReadObjectId()’:
../ext/bson.cc:406:17: error: ‘New’ is not a member of ‘v8::String’
  return String::New(objectId, 12);
                 ^~~
../ext/bson.cc: At global scope:
../ext/bson.cc:409:1: error: ‘Handle’ does not name a type; did you mean ‘rand_r’?
 Handle<Value> BSONDeserializer::DeserializeDocument(bool promoteLongs)
 ^~~~~~
 rand_r
../ext/bson.cc:418:1: error: ‘Handle’ does not name a type; did you mean ‘rand_r’?
 Handle<Value> BSONDeserializer::DeserializeDocumentInternal(bool promoteLongs)
 ^~~~~~
 rand_r
../ext/bson.cc:444:1: error: ‘Handle’ does not name a type; did you mean ‘rand_r’?
 Handle<Value> BSONDeserializer::DeserializeArray(bool promoteLongs)
 ^~~~~~
 rand_r
../ext/bson.cc:453:1: error: ‘Handle’ does not name a type; did you mean ‘rand_r’?
 Handle<Value> BSONDeserializer::DeserializeArrayInternal(bool promoteLongs)
 ^~~~~~
 rand_r
../ext/bson.cc:469:1: error: ‘Handle’ does not name a type; did you mean ‘rand_r’?
 Handle<Value> BSONDeserializer::DeserializeValue(BsonType type, bool promoteLongs)
 ^~~~~~
 rand_r
../ext/bson.cc:597:8: error: ‘Handle’ does not name a type; did you mean ‘rand_r’?
 static Handle<Value> VException(const char *msg)
        ^~~~~~
        rand_r
../ext/bson.cc: In constructor ‘BSON::BSON()’:
../ext/bson.cc:608:52: error: ‘New’ is not a member of ‘v8::String’
  _bsontypeString = Persistent<String>::New(String::New("_bsontype"));
                                                    ^~~
../ext/bson.cc:609:51: error: ‘New’ is not a member of ‘v8::String’
  _longLowString = Persistent<String>::New(String::New("low_"));
                                                   ^~~
../ext/bson.cc:610:52: error: ‘New’ is not a member of ‘v8::String’
  _longHighString = Persistent<String>::New(String::New("high_"));
                                                    ^~~
../ext/bson.cc:611:54: error: ‘New’ is not a member of ‘v8::String’
  _objectIDidString = Persistent<String>::New(String::New("id"));
                                                      ^~~
../ext/bson.cc:612:58: error: ‘New’ is not a member of ‘v8::String’
  _binaryPositionString = Persistent<String>::New(String::New("position"));
                                                          ^~~
../ext/bson.cc:613:57: error: ‘New’ is not a member of ‘v8::String’
  _binarySubTypeString = Persistent<String>::New(String::New("sub_type"));
                                                         ^~~
../ext/bson.cc:614:56: error: ‘New’ is not a member of ‘v8::String’
  _binaryBufferString = Persistent<String>::New(String::New("buffer"));
                                                        ^~~
../ext/bson.cc:615:55: error: ‘New’ is not a member of ‘v8::String’
  _doubleValueString = Persistent<String>::New(String::New("value"));
                                                       ^~~
../ext/bson.cc:616:55: error: ‘New’ is not a member of ‘v8::String’
  _symbolValueString = Persistent<String>::New(String::New("value"));
                                                       ^~~
../ext/bson.cc:617:52: error: ‘New’ is not a member of ‘v8::String’
  _dbRefRefString = Persistent<String>::New(String::New("$ref"));
                                                    ^~~
../ext/bson.cc:618:54: error: ‘New’ is not a member of ‘v8::String’
  _dbRefIdRefString = Persistent<String>::New(String::New("$id"));
                                                      ^~~
../ext/bson.cc:619:54: error: ‘New’ is not a member of ‘v8::String’
  _dbRefDbRefString = Persistent<String>::New(String::New("$db"));
                                                      ^~~
../ext/bson.cc:620:58: error: ‘New’ is not a member of ‘v8::String’
  _dbRefNamespaceString = Persistent<String>::New(String::New("namespace"));
                                                          ^~~
../ext/bson.cc:621:51: error: ‘New’ is not a member of ‘v8::String’
  _dbRefDbString = Persistent<String>::New(String::New("db"));
                                                   ^~~
../ext/bson.cc:622:52: error: ‘New’ is not a member of ‘v8::String’
  _dbRefOidString = Persistent<String>::New(String::New("oid"));
                                                    ^~~
../ext/bson.cc:623:52: error: ‘New’ is not a member of ‘v8::String’
  _codeCodeString = Persistent<String>::New(String::New("code"));
                                                    ^~~
../ext/bson.cc:624:53: error: ‘New’ is not a member of ‘v8::String’
  _codeScopeString = Persistent<String>::New(String::New("scope"));
                                                     ^~~
../ext/bson.cc:625:50: error: ‘New’ is not a member of ‘v8::String’
  _toBSONString = Persistent<String>::New(String::New("toBSON"));
                                                  ^~~
../ext/bson.cc:627:47: error: ‘New’ is not a member of ‘v8::String’
  longString = Persistent<String>::New(String::New("Long"));
                                               ^~~
../ext/bson.cc:628:51: error: ‘New’ is not a member of ‘v8::String’
  objectIDString = Persistent<String>::New(String::New("ObjectID"));
                                                   ^~~
../ext/bson.cc:629:49: error: ‘New’ is not a member of ‘v8::String’
  binaryString = Persistent<String>::New(String::New("Binary"));
                                                 ^~~
../ext/bson.cc:630:47: error: ‘New’ is not a member of ‘v8::String’
  codeString = Persistent<String>::New(String::New("Code"));
                                               ^~~
../ext/bson.cc:631:48: error: ‘New’ is not a member of ‘v8::String’
  dbrefString = Persistent<String>::New(String::New("DBRef"));
                                                ^~~
../ext/bson.cc:632:49: error: ‘New’ is not a member of ‘v8::String’
  symbolString = Persistent<String>::New(String::New("Symbol"));
                                                 ^~~
../ext/bson.cc:633:49: error: ‘New’ is not a member of ‘v8::String’
  doubleString = Persistent<String>::New(String::New("Double"));
                                                 ^~~
../ext/bson.cc:634:52: error: ‘New’ is not a member of ‘v8::String’
  timestampString = Persistent<String>::New(String::New("Timestamp"));
                                                    ^~~
../ext/bson.cc:635:49: error: ‘New’ is not a member of ‘v8::String’
  minKeyString = Persistent<String>::New(String::New("MinKey"));
                                                 ^~~
../ext/bson.cc:636:49: error: ‘New’ is not a member of ‘v8::String’
  maxKeyString = Persistent<String>::New(String::New("MaxKey"));
                                                 ^~~
../ext/bson.cc: At global scope:
../ext/bson.cc:639:27: error: variable or field ‘Initialize’ declared void
 void BSON::Initialize(v8::Handle<v8::Object> target)
                           ^~~~~~
../ext/bson.cc:639:27: error: ‘Handle’ is not a member of ‘v8’
../ext/bson.cc:639:27: note: suggested alternative: ‘JobHandle’
 void BSON::Initialize(v8::Handle<v8::Object> target)
                           ^~~~~~
                           JobHandle
../ext/bson.cc:639:44: error: expected primary-expression before ‘>’ token
 void BSON::Initialize(v8::Handle<v8::Object> target)
                                            ^
../ext/bson.cc:639:46: error: ‘target’ was not declared in this scope
 void BSON::Initialize(v8::Handle<v8::Object> target)
                                              ^~~~~~
../ext/bson.cc:639:46: note: suggested alternative: ‘tzset’
 void BSON::Initialize(v8::Handle<v8::Object> target)
                                              ^~~~~~
                                              tzset
../ext/bson.cc:660:1: error: ‘Handle’ does not name a type; did you mean ‘rand_r’?
 Handle<Value> BSON::New(const Arguments &args)
 ^~~~~~
 rand_r
../ext/bson.cc:742:1: error: ‘Handle’ does not name a type; did you mean ‘rand_r’?
 Handle<Value> BSON::BSONDeserialize(const Arguments &args)
 ^~~~~~
 rand_r
../ext/bson.cc:828:46: error: ‘Handle’ does not name a type; did you mean ‘rand_r’?
 Local<Object> BSON::GetSerializeObject(const Handle<Value>& argValue)
                                              ^~~~~~
                                              rand_r
../ext/bson.cc:828:52: error: expected ‘,’ or ‘...’ before ‘<’ token
 Local<Object> BSON::GetSerializeObject(const Handle<Value>& argValue)
                                                    ^
../ext/bson.cc: In member function ‘v8::Local<v8::Object> BSON::GetSerializeObject(int)’:
../ext/bson.cc:830:25: error: ‘argValue’ was not declared in this scope
  Local<Object> object = argValue->ToObject();
                         ^~~~~~~~
../ext/bson.cc:830:25: note: suggested alternative: ‘si_value’
  Local<Object> object = argValue->ToObject();
                         ^~~~~~~~
                         si_value
../ext/bson.cc:831:30: error: no matching function for call to ‘v8::Object::Has(v8::Persistent<v8::String>&)’
  if(object->Has(_toBSONString))
                              ^
In file included from ../ext/bson.cc:14:0:
/home/gustavo/.cache/node-gyp/14.18.0/include/node/v8.h:3752:37: note: candidate: v8::Maybe<bool> v8::Object::Has(v8::Local<v8::Context>, v8::Local<v8::Value>)
   V8_WARN_UNUSED_RESULT Maybe<bool> Has(Local<Context> context,
                                     ^~~
/home/gustavo/.cache/node-gyp/14.18.0/include/node/v8.h:3752:37: note:   candidate expects 2 arguments, 1 provided
/home/gustavo/.cache/node-gyp/14.18.0/include/node/v8.h:3758:37: note: candidate: v8::Maybe<bool> v8::Object::Has(v8::Local<v8::Context>, uint32_t)
   V8_WARN_UNUSED_RESULT Maybe<bool> Has(Local<Context> context, uint32_t index);
                                     ^~~
/home/gustavo/.cache/node-gyp/14.18.0/include/node/v8.h:3758:37: note:   candidate expects 2 arguments, 1 provided
../ext/bson.cc:833:57: error: no matching function for call to ‘v8::Object::Get(v8::Persistent<v8::String>&)’
   const Local<Value>& toBSON = object->Get(_toBSONString);
                                                         ^
In file included from ../ext/bson.cc:14:0:
/home/gustavo/.cache/node-gyp/14.18.0/include/node/v8.h:3717:43: note: candidate: v8::MaybeLocal<v8::Value> v8::Object::Get(v8::Local<v8::Context>, v8::Local<v8::Value>)
   V8_WARN_UNUSED_RESULT MaybeLocal<Value> Get(Local<Context> context,
                                           ^~~
/home/gustavo/.cache/node-gyp/14.18.0/include/node/v8.h:3717:43: note:   candidate expects 2 arguments, 1 provided
/home/gustavo/.cache/node-gyp/14.18.0/include/node/v8.h:3720:43: note: candidate: v8::MaybeLocal<v8::Value> v8::Object::Get(v8::Local<v8::Context>, uint32_t)
   V8_WARN_UNUSED_RESULT MaybeLocal<Value> Get(Local<Context> context,
                                           ^~~
/home/gustavo/.cache/node-gyp/14.18.0/include/node/v8.h:3720:43: note:   candidate expects 2 arguments, 1 provided
../ext/bson.cc:836:76: error: no matching function for call to ‘v8::Function::Call(v8::Local<v8::Object>&, int, NULL)’
   Local<Value> result = Local<Function>::Cast(toBSON)->Call(object, 0, NULL);
                                                                            ^
In file included from ../ext/bson.cc:14:0:
/home/gustavo/.cache/node-gyp/14.18.0/include/node/v8.h:4468:43: note: candidate: v8::MaybeLocal<v8::Value> v8::Function::Call(v8::Local<v8::Context>, v8::Local<v8::Value>, int, v8::Local<v8::Value>*)
   V8_WARN_UNUSED_RESULT MaybeLocal<Value> Call(Local<Context> context,
                                           ^~~~
/home/gustavo/.cache/node-gyp/14.18.0/include/node/v8.h:4468:43: note:   candidate expects 4 arguments, 3 provided
../ext/bson.cc:838:27: error: no matching function for call to ‘v8::Value::ToObject()’
   return result->ToObject();
                           ^
In file included from ../ext/bson.cc:14:0:
/home/gustavo/.cache/node-gyp/14.18.0/include/node/v8.h:2822:44: note: candidate: v8::MaybeLocal<v8::Object> v8::Value::ToObject(v8::Local<v8::Context>) const
   V8_WARN_UNUSED_RESULT MaybeLocal<Object> ToObject(
                                            ^~~~~~~~
/home/gustavo/.cache/node-gyp/14.18.0/include/node/v8.h:2822:44: note:   candidate expects 1 argument, 0 provided
../ext/bson.cc: At global scope:
../ext/bson.cc:846:1: error: ‘Handle’ does not name a type; did you mean ‘rand_r’?
 Handle<Value> BSON::BSONSerialize(const Arguments &args)
 ^~~~~~
 rand_r
../ext/bson.cc:907:1: error: ‘Handle’ does not name a type; did you mean ‘rand_r’?
 Handle<Value> BSON::CalculateObjectSize(const Arguments &args)
 ^~~~~~
 rand_r
../ext/bson.cc:925:1: error: ‘Handle’ does not name a type; did you mean ‘rand_r’?
 Handle<Value> BSON::SerializeWithBufferAndIndex(const Arguments &args)
 ^~~~~~
 rand_r
../ext/bson.cc:966:1: error: ‘Handle’ does not name a type; did you mean ‘rand_r’?
 Handle<Value> BSON::BSONDeserializeStream(const Arguments &args)
 ^~~~~~
 rand_r
../ext/bson.cc:1039:22: error: variable or field ‘init’ declared void
 extern "C" void init(Handle<Object> target)
                      ^~~~~~
../ext/bson.cc:1039:22: error: ‘Handle’ was not declared in this scope
../ext/bson.cc:1039:22: note: suggested alternative: ‘rand_r’
 extern "C" void init(Handle<Object> target)
                      ^~~~~~
                      rand_r
../ext/bson.cc:1039:35: error: expected primary-expression before ‘>’ token
 extern "C" void init(Handle<Object> target)
                                   ^
../ext/bson.cc:1039:37: error: ‘target’ was not declared in this scope
 extern "C" void init(Handle<Object> target)
                                     ^~~~~~
../ext/bson.cc:1039:37: note: suggested alternative: ‘tzset’
 extern "C" void init(Handle<Object> target)
                                     ^~~~~~
                                     tzset
make: *** [Release/obj.target/bson/ext/bson.o] Error 1
gyp ERR! build error 
gyp ERR! stack Error: `make` failed with exit code: 2
gyp ERR! stack     at ChildProcess.onExit (/usr/lib/node_modules/npm/node_modules/node-gyp/lib/build.js:194:23)
gyp ERR! stack     at ChildProcess.emit (events.js:400:28)
gyp ERR! stack     at Process.ChildProcess._handle.onexit (internal/child_process.js:282:12)
gyp ERR! System Linux 4.15.0-159-generic
gyp ERR! command "/usr/bin/node" "/usr/lib/node_modules/npm/node_modules/node-gyp/bin/node-gyp.js" "rebuild"
gyp ERR! cwd /home/gustavo/Documentos/Universidad/FIB/4to/PTI/Server/node_modules/bson
gyp ERR! node -v v14.18.0
gyp ERR! node-gyp -v v5.1.0
gyp ERR! not ok 
